  compilation object save succeeded; see F:\C++\DXEngine\hw3d\ColorBlendPS.cso
  compilation object save succeeded; see F:\C++\DXEngine\hw3d\ColorBlendVS.cso
  compilation object save succeeded; see F:\C++\DXEngine\hw3d\ColorIndexPS.cso
  compilation object save succeeded; see F:\C++\DXEngine\hw3d\ColorIndexVS.cso
  compilation object save succeeded; see F:\C++\DXEngine\hw3d\TexturePS.cso
  compilation object save succeeded; see F:\C++\DXEngine\hw3d\TextureVS.cso
  App.cpp
  Bindable.cpp
  Box.cpp
  Camera.cpp
  ChiliException.cpp
  ChiliTimer.cpp
  Drawable.cpp
  dxerr.cpp
  DxgiInfoManager.cpp
  GDIPlusManager.cpp
  Graphics.cpp
  ImguiManager.cpp
  imgui.cpp
  imgui_demo.cpp
  imgui_draw.cpp
  imgui_impl_dx11.cpp
  imgui_impl_win32.cpp
  imgui_widgets.cpp
  IndexBuffer.cpp
  InputLayout.cpp
  Keyboard.cpp
  Melon.cpp
  Mouse.cpp
  PixelShader.cpp
  Pyramid.cpp
  Sampler.cpp
  Sheet.cpp
  SkinnedBox.cpp
  Surface.cpp
  Texture.cpp
  Topology.cpp
  TransformCbuf.cpp
  VertexBuffer.cpp
  VertexShader.cpp
  Window.cpp
  WindowsMessageMap.cpp
  WinMain.cpp
  hw3d.vcxproj -> F:\C++\DXEngine\x64\Debug\hw3d.exe
