f:\c++\hw3d\hw3d\x64\debug\camera.obj
f:\c++\hw3d\hw3d\x64\debug\imgui.obj
f:\c++\hw3d\hw3d\x64\debug\mouse.obj
f:\c++\hw3d\hw3d\x64\debug\sampler.obj
f:\c++\hw3d\hw3d\x64\debug\vertexshader.obj
f:\c++\hw3d\hw3d\x64\debug\app.obj
f:\c++\hw3d\hw3d\x64\debug\imgui_impl_win32.obj
f:\c++\hw3d\hw3d\x64\debug\melon.obj
f:\c++\hw3d\hw3d\x64\debug\transformcbuf.obj
f:\c++\hw3d\hw3d\x64\debug\box.obj
f:\c++\hw3d\hw3d\x64\debug\imgui_impl_dx11.obj
f:\c++\hw3d\hw3d\x64\debug\skinnedbox.obj
f:\c++\hw3d\hw3d\x64\debug\windowsmessagemap.obj
f:\c++\hw3d\hw3d\x64\debug\dxerr.obj
f:\c++\hw3d\hw3d\x64\debug\graphics.obj
f:\c++\hw3d\hw3d\x64\debug\sheet.obj
f:\c++\hw3d\hw3d\x64\debug\chiliexception.obj
f:\c++\hw3d\hw3d\x64\debug\gdiplusmanager.obj
f:\c++\hw3d\hw3d\x64\debug\keyboard.obj
f:\c++\hw3d\hw3d\x64\debug\pyramid.obj
f:\c++\hw3d\hw3d\x64\debug\vertexbuffer.obj
f:\c++\hw3d\hw3d\x64\debug\chilitimer.obj
f:\c++\hw3d\hw3d\x64\debug\dxgiinfomanager.obj
f:\c++\hw3d\hw3d\x64\debug\indexbuffer.obj
f:\c++\hw3d\hw3d\x64\debug\surface.obj
f:\c++\hw3d\hw3d\x64\debug\window.obj
f:\c++\hw3d\hw3d\x64\debug\drawable.obj
f:\c++\hw3d\hw3d\x64\debug\imgui_demo.obj
f:\c++\hw3d\hw3d\x64\debug\imgui_widgets.obj
f:\c++\hw3d\hw3d\x64\debug\pixelshader.obj
f:\c++\hw3d\hw3d\x64\debug\topology.obj
f:\c++\hw3d\hw3d\x64\debug\bindable.obj
f:\c++\hw3d\hw3d\x64\debug\imguimanager.obj
f:\c++\hw3d\hw3d\x64\debug\imgui_draw.obj
f:\c++\hw3d\hw3d\x64\debug\inputlayout.obj
f:\c++\hw3d\hw3d\x64\debug\texture.obj
f:\c++\hw3d\hw3d\x64\debug\winmain.obj
f:\c++\hw3d\hw3d\x64\debug\vc142.pdb
f:\c++\hw3d\hw3d\colorblendps.cso
f:\c++\hw3d\hw3d\colorblendvs.cso
f:\c++\hw3d\hw3d\colorindexps.cso
f:\c++\hw3d\hw3d\colorindexvs.cso
f:\c++\hw3d\hw3d\textureps.cso
f:\c++\hw3d\hw3d\texturevs.cso
f:\c++\hw3d\x64\debug\hw3d.ilk
f:\c++\hw3d\x64\debug\hw3d.exe
f:\c++\hw3d\x64\debug\hw3d.pdb
f:\c++\hw3d\hw3d\x64\debug\hw3d.res
f:\c++\dxengine\hw3d\x64\debug\app.obj
f:\c++\dxengine\hw3d\x64\debug\bindable.obj
f:\c++\dxengine\hw3d\x64\debug\box.obj
f:\c++\dxengine\hw3d\x64\debug\camera.obj
f:\c++\dxengine\hw3d\x64\debug\chiliexception.obj
f:\c++\dxengine\hw3d\x64\debug\chilitimer.obj
f:\c++\dxengine\hw3d\x64\debug\drawable.obj
f:\c++\dxengine\hw3d\x64\debug\dxerr.obj
f:\c++\dxengine\hw3d\x64\debug\dxgiinfomanager.obj
f:\c++\dxengine\hw3d\x64\debug\gdiplusmanager.obj
f:\c++\dxengine\hw3d\x64\debug\graphics.obj
f:\c++\dxengine\hw3d\x64\debug\imgui.obj
f:\c++\dxengine\hw3d\x64\debug\imguimanager.obj
f:\c++\dxengine\hw3d\x64\debug\imgui_demo.obj
f:\c++\dxengine\hw3d\x64\debug\imgui_draw.obj
f:\c++\dxengine\hw3d\x64\debug\imgui_impl_dx11.obj
f:\c++\dxengine\hw3d\x64\debug\imgui_impl_win32.obj
f:\c++\dxengine\hw3d\x64\debug\imgui_widgets.obj
f:\c++\dxengine\hw3d\x64\debug\indexbuffer.obj
f:\c++\dxengine\hw3d\x64\debug\inputlayout.obj
f:\c++\dxengine\hw3d\x64\debug\keyboard.obj
f:\c++\dxengine\hw3d\x64\debug\melon.obj
f:\c++\dxengine\hw3d\x64\debug\mouse.obj
f:\c++\dxengine\hw3d\x64\debug\pixelshader.obj
f:\c++\dxengine\hw3d\x64\debug\pyramid.obj
f:\c++\dxengine\hw3d\x64\debug\sampler.obj
f:\c++\dxengine\hw3d\x64\debug\sheet.obj
f:\c++\dxengine\hw3d\x64\debug\skinnedbox.obj
f:\c++\dxengine\hw3d\x64\debug\surface.obj
f:\c++\dxengine\hw3d\x64\debug\texture.obj
f:\c++\dxengine\hw3d\x64\debug\topology.obj
f:\c++\dxengine\hw3d\x64\debug\transformcbuf.obj
f:\c++\dxengine\hw3d\x64\debug\vertexbuffer.obj
f:\c++\dxengine\hw3d\x64\debug\vertexshader.obj
f:\c++\dxengine\hw3d\x64\debug\window.obj
f:\c++\dxengine\hw3d\x64\debug\windowsmessagemap.obj
f:\c++\dxengine\hw3d\x64\debug\winmain.obj
f:\c++\dxengine\hw3d\x64\debug\hw3d.res
f:\c++\dxengine\hw3d\x64\debug\vc142.idb
f:\c++\dxengine\hw3d\x64\debug\vc142.pdb
f:\c++\dxengine\hw3d\x64\debug\hw3d.tlog\cl.10016.write.1.tlog
f:\c++\dxengine\hw3d\x64\debug\hw3d.tlog\cl.command.1.tlog
f:\c++\dxengine\hw3d\x64\debug\hw3d.tlog\cl.read.1.tlog
f:\c++\dxengine\hw3d\x64\debug\hw3d.tlog\fxc.command.1.tlog
f:\c++\dxengine\hw3d\x64\debug\hw3d.tlog\fxc.read.1.tlog
f:\c++\dxengine\hw3d\x64\debug\hw3d.tlog\fxc.write.1.tlog
f:\c++\dxengine\hw3d\x64\debug\hw3d.tlog\link.command.1.tlog
f:\c++\dxengine\hw3d\x64\debug\hw3d.tlog\link.read.1.tlog
f:\c++\dxengine\hw3d\x64\debug\hw3d.tlog\link.write.1.tlog
f:\c++\dxengine\hw3d\x64\debug\hw3d.tlog\rc.command.1.tlog
f:\c++\dxengine\hw3d\x64\debug\hw3d.tlog\rc.read.1.tlog
f:\c++\dxengine\hw3d\x64\debug\hw3d.tlog\rc.write.1.tlog
